<?xml version="1.0" encoding="UTF-8"?>
<robot generator="Robot 5.0.1 (Python 3.9.13 on win32)" generated="20230608 16:56:15.207" rpa="true" schemaversion="3">
<suite id="s1" name="Validationtest" source="c:\Users\chris\source\repos\Portfolio\Python\MODFLOW\MODFLOW\validationtest.robot">
<test id="s1-t1" name="Automate The Modflow - Validate whether the user is possible create a new project" line="35">
<kw name="Open The Modflow">
<kw name="Windows Run" library="RPA.Windows">
<arg>vmodflex.exe</arg>
<tag>window</tag>
<doc>Use Windows Run window to launch an application.</doc>
<msg timestamp="20230608 16:56:16.376" level="INFO">Sending keys '{Win}r' to element: &lt;module 'uiautomation' from 'c:\\ProgramData\\robocorp\\ht\\98c3928_b1f3c24_1c0bc041\\lib\\site-packages\\uiautomation\\__init__.py'&gt;</msg>
<msg timestamp="20230608 16:56:16.969" level="INFO">Sending keys 'vmodflex.exe' to element: &lt;module 'uiautomation' from 'c:\\ProgramData\\robocorp\\ht\\98c3928_b1f3c24_1c0bc041\\lib\\site-packages\\uiautomation\\__init__.py'&gt;</msg>
<msg timestamp="20230608 16:56:17.659" level="INFO">Sending keys '{Enter}' to element: &lt;module 'uiautomation' from 'c:\\ProgramData\\robocorp\\ht\\98c3928_b1f3c24_1c0bc041\\lib\\site-packages\\uiautomation\\__init__.py'&gt;</msg>
<status status="PASS" starttime="20230608 16:56:16.370" endtime="20230608 16:56:21.207"/>
</kw>
<kw name="Sleep" library="BuiltIn">
<arg>10</arg>
<doc>Pauses the test executed for the given time.</doc>
<msg timestamp="20230608 16:56:31.219" level="INFO">Slept 10 seconds</msg>
<status status="PASS" starttime="20230608 16:56:21.209" endtime="20230608 16:56:31.222"/>
</kw>
<status status="PASS" starttime="20230608 16:56:16.364" endtime="20230608 16:56:31.225"/>
</kw>
<kw name="Click the Trial button">
<kw name="Sleep" library="BuiltIn">
<arg>30</arg>
<doc>Pauses the test executed for the given time.</doc>
<msg timestamp="20230608 16:57:01.234" level="INFO">Slept 30 seconds</msg>
<status status="PASS" starttime="20230608 16:56:31.230" endtime="20230608 16:57:01.236"/>
</kw>
<kw name="Send Keys" library="RPA.Windows">
<arg>keys={TAB}{TAB}{TAB}{TAB}{SPACE}</arg>
<tag>action</tag>
<tag>keyboard</tag>
<doc>Send keys to desktop, current window or to Control element
defined by given locator.</doc>
<msg timestamp="20230608 16:57:01.241" level="INFO">Sending keys '{TAB}{TAB}{TAB}{TAB}{SPACE}' to element: &lt;module 'uiautomation' from 'c:\\ProgramData\\robocorp\\ht\\98c3928_b1f3c24_1c0bc041\\lib\\site-packages\\uiautomation\\__init__.py'&gt;</msg>
<status status="PASS" starttime="20230608 16:57:01.238" endtime="20230608 16:57:01.922"/>
</kw>
<kw name="Sleep" library="BuiltIn">
<arg>2s</arg>
<doc>Pauses the test executed for the given time.</doc>
<msg timestamp="20230608 16:57:03.936" level="INFO">Slept 2 seconds</msg>
<status status="PASS" starttime="20230608 16:57:01.923" endtime="20230608 16:57:03.938"/>
</kw>
<status status="PASS" starttime="20230608 16:56:31.227" endtime="20230608 16:57:03.939"/>
</kw>
<kw name="Create new Project">
<kw name="Send Keys" library="RPA.Windows">
<arg>keys={CTRL}n</arg>
<tag>action</tag>
<tag>keyboard</tag>
<doc>Send keys to desktop, current window or to Control element
defined by given locator.</doc>
<msg timestamp="20230608 16:57:03.946" level="INFO">Sending keys '{CTRL}n' to element: &lt;module 'uiautomation' from 'c:\\ProgramData\\robocorp\\ht\\98c3928_b1f3c24_1c0bc041\\lib\\site-packages\\uiautomation\\__init__.py'&gt;</msg>
<status status="PASS" starttime="20230608 16:57:03.943" endtime="20230608 16:57:04.527"/>
</kw>
<kw name="Send Keys" library="RPA.Windows">
<arg>keys=${NEWPROJECT_NAME}</arg>
<tag>action</tag>
<tag>keyboard</tag>
<doc>Send keys to desktop, current window or to Control element
defined by given locator.</doc>
<msg timestamp="20230608 16:57:04.533" level="INFO">Sending keys 'p01' to element: &lt;module 'uiautomation' from 'c:\\ProgramData\\robocorp\\ht\\98c3928_b1f3c24_1c0bc041\\lib\\site-packages\\uiautomation\\__init__.py'&gt;</msg>
<status status="PASS" starttime="20230608 16:57:04.528" endtime="20230608 16:57:05.105"/>
</kw>
<kw name="Sleep" library="BuiltIn">
<arg>2s</arg>
<doc>Pauses the test executed for the given time.</doc>
<msg timestamp="20230608 16:57:07.109" level="INFO">Slept 2 seconds</msg>
<status status="PASS" starttime="20230608 16:57:05.106" endtime="20230608 16:57:07.110"/>
</kw>
<kw name="Click" library="RPA.Windows">
<arg>id:buttonOK</arg>
<tag>action</tag>
<tag>mouse</tag>
<doc>Mouse click on element matching given locator.</doc>
<msg timestamp="20230608 16:57:07.114" level="INFO">Getting element with locator: id:buttonOK</msg>
<msg timestamp="20230608 16:57:07.661" level="INFO">Resulted root element: WindowsElement(item=&lt;uiautomation.uiautomation.PaneControl object at 0x0000028C9F6FAD00&gt;, locator=None, name='Área de Trabalho 1', automation_id='', control_type='PaneControl', class_name='#32769', left=0, right=1366, top=0, bottom=768, width=1366, height=768, xcenter=683, ycenter=384)</msg>
<msg timestamp="20230608 16:57:07.662" level="INFO">Locator 'id:buttonOK' produced matcher: MatchObject(locators=[('AutomationId', 'buttonOK', 0)], _classes=set(), max_level=0)</msg>
<msg timestamp="20230608 16:57:08.209" level="INFO">Returning element: WindowsElement(item=&lt;uiautomation.uiautomation.ButtonControl object at 0x0000028C9F6FA370&gt;, locator='id:buttonOK', name='OK', automation_id='buttonOK', control_type='ButtonControl', class_name='WindowsForms10.BUTTON.app.0.7b8f05_r6_ad1', left=764, right=839, top=570, bottom=593, width=75, height=23, xcenter=801, ycenter=581)</msg>
<status status="PASS" starttime="20230608 16:57:07.111" endtime="20230608 16:57:08.775"/>
</kw>
<kw name="Sleep" library="BuiltIn">
<arg>2s</arg>
<doc>Pauses the test executed for the given time.</doc>
<msg timestamp="20230608 16:57:10.789" level="INFO">Slept 2 seconds</msg>
<status status="PASS" starttime="20230608 16:57:08.778" endtime="20230608 16:57:10.790"/>
</kw>
<kw name="Send Keys" library="RPA.Windows">
<arg>keys={TAB}{SPACE}</arg>
<tag>action</tag>
<tag>keyboard</tag>
<doc>Send keys to desktop, current window or to Control element
defined by given locator.</doc>
<msg timestamp="20230608 16:57:10.793" level="INFO">Sending keys '{TAB}{SPACE}' to element: &lt;module 'uiautomation' from 'c:\\ProgramData\\robocorp\\ht\\98c3928_b1f3c24_1c0bc041\\lib\\site-packages\\uiautomation\\__init__.py'&gt;</msg>
<status status="PASS" starttime="20230608 16:57:10.791" endtime="20230608 16:57:11.373"/>
</kw>
<status status="PASS" starttime="20230608 16:57:03.941" endtime="20230608 16:57:11.375"/>
</kw>
<status status="PASS" starttime="20230608 16:56:16.350" endtime="20230608 16:57:11.377"/>
</test>
<status status="PASS" starttime="20230608 16:56:15.242" endtime="20230608 16:57:11.387"/>
</suite>
<statistics>
<total>
<stat pass="1" fail="0" skip="0">All Tasks</stat>
</total>
<tag>
</tag>
<suite>
<stat pass="1" fail="0" skip="0" id="s1" name="Validationtest">Validationtest</stat>
</suite>
</statistics>
<errors>
</errors>
</robot>
