<?xml version="1.0" encoding="UTF-8"?>
<robot generator="Robot 5.0.1 (Python 3.9.13 on win32)" generated="20230603 06:55:27.084" rpa="false" schemaversion="3">
<suite id="s1" name="Tasks" source="c:\Users\chris\source\repos\Portfolio\Python\MODFLOW\MODFLOW\tasks.robot">
<test id="s1-t1" name="Validade whether user is possible to create a new project" line="9">
<kw name="Windows Run" library="RPA.Windows">
<arg>vmodflex.exe</arg>
<tag>window</tag>
<doc>Use Windows Run window to launch an application.</doc>
<msg timestamp="20230603 06:55:27.897" level="INFO">Sending keys '{Win}r' to element: &lt;module 'uiautomation' from 'c:\\ProgramData\\robocorp\\ht\\98c3928_b1f3c24_1c0bc041\\lib\\site-packages\\uiautomation\\__init__.py'&gt;</msg>
<msg timestamp="20230603 06:55:28.475" level="INFO">Sending keys 'vmodflex.exe' to element: &lt;module 'uiautomation' from 'c:\\ProgramData\\robocorp\\ht\\98c3928_b1f3c24_1c0bc041\\lib\\site-packages\\uiautomation\\__init__.py'&gt;</msg>
<msg timestamp="20230603 06:55:29.174" level="INFO">Sending keys '{Enter}' to element: &lt;module 'uiautomation' from 'c:\\ProgramData\\robocorp\\ht\\98c3928_b1f3c24_1c0bc041\\lib\\site-packages\\uiautomation\\__init__.py'&gt;</msg>
<status status="PASS" starttime="20230603 06:55:27.896" endtime="20230603 06:55:32.719"/>
</kw>
<kw name="Click" library="RPA.Windows">
<arg>id:button1</arg>
<tag>action</tag>
<tag>mouse</tag>
<doc>Mouse click on element matching given locator.</doc>
<msg timestamp="20230603 06:55:32.722" level="INFO">Getting element with locator: id:button1</msg>
<msg timestamp="20230603 06:55:32.903" level="INFO">Resulted root element: WindowsElement(item=&lt;uiautomation.uiautomation.PaneControl object at 0x0000019565DCFDC0&gt;, locator=None, name='Área de Trabalho 1', automation_id='', control_type='PaneControl', class_name='#32769', left=0, right=1366, top=0, bottom=768, width=1366, height=768, xcenter=683, ycenter=384)</msg>
<msg timestamp="20230603 06:55:32.904" level="INFO">Locator 'id:button1' produced matcher: MatchObject(locators=[('AutomationId', 'button1', 0)], _classes=set(), max_level=0)</msg>
<msg timestamp="20230603 06:55:50.911" level="INFO">2023-06-03 06:55:50.910 locators.py[274] _get_control_from_params -&gt; Find Control Timeout(10s): {AutomationId: 'button1'}</msg>
<msg timestamp="20230603 06:55:50.911" level="FAIL">ElementNotFound: Element not found with locator 'id:button1'</msg>
<status status="FAIL" starttime="20230603 06:55:32.721" endtime="20230603 06:55:50.916"/>
</kw>
<status status="FAIL" starttime="20230603 06:55:27.895" endtime="20230603 06:55:50.919">ElementNotFound: Element not found with locator 'id:button1'</status>
</test>
<status status="FAIL" starttime="20230603 06:55:27.097" endtime="20230603 06:55:50.922"/>
</suite>
<statistics>
<total>
<stat pass="0" fail="1" skip="0">All Tests</stat>
</total>
<tag>
</tag>
<suite>
<stat pass="0" fail="1" skip="0" id="s1" name="Tasks">Tasks</stat>
</suite>
</statistics>
<errors>
</errors>
</robot>
